{"label":"graphql-server","level":"info","message":"Initializing services...","timestamp":"2025-08-12T22:29:31.572Z"}
{"label":"graphql-server","level":"info","message":"Initializing services...","timestamp":"2025-08-12T22:29:31.644Z"}
{"label":"graphql-server","level":"info","message":"Initializing services...","timestamp":"2025-08-12T22:29:31.733Z"}
{"label":"graphql-server","level":"info","message":"Neo4j connected","timestamp":"2025-08-12T22:29:31.780Z"}
{"label":"graphql-server","level":"info","message":"Initializing services...","timestamp":"2025-08-12T22:29:31.769Z"}
{"label":"graphql-server","level":"info","message":"Neo4j connected","timestamp":"2025-08-12T22:29:31.785Z"}
{"label":"graphql-server","level":"info","message":"Neo4j connected","timestamp":"2025-08-12T22:29:31.800Z"}
{"label":"graphql-server","level":"info","message":"Initializing services...","timestamp":"2025-08-12T22:29:31.780Z"}
{"label":"graphql-server","level":"info","message":"Neo4j connected","timestamp":"2025-08-12T22:29:31.814Z"}
{"label":"graphql-server","level":"info","message":"Initializing services...","timestamp":"2025-08-12T22:29:31.678Z"}
{"label":"graphql-server","level":"info","message":"Neo4j connected","timestamp":"2025-08-12T22:29:31.834Z"}
{"label":"graphql-server","level":"info","message":"PostgreSQL connected","timestamp":"2025-08-12T22:29:31.859Z"}
{"label":"graphql-server","level":"info","message":"PostgreSQL connected","timestamp":"2025-08-12T22:29:31.860Z"}
{"label":"graphql-server","level":"info","message":"Queue service connected","timestamp":"2025-08-12T22:29:31.861Z"}
{"label":"graphql-server","level":"info","message":"Queue service connected","timestamp":"2025-08-12T22:29:31.862Z"}
{"label":"graphql-server","level":"info","message":"PostgreSQL connected","timestamp":"2025-08-12T22:29:31.866Z"}
{"label":"graphql-server","level":"info","message":"Creating Neo4j indexes and constraints...","timestamp":"2025-08-12T22:29:31.862Z"}
{"label":"graphql-server","level":"info","message":"Queue service connected","timestamp":"2025-08-12T22:29:31.868Z"}
{"label":"graphql-server","level":"info","message":"Initializing services...","timestamp":"2025-08-12T22:29:31.857Z"}
{"label":"graphql-server","level":"info","message":"Initializing services...","timestamp":"2025-08-12T22:29:31.816Z"}
{"label":"graphql-server","level":"info","message":"PostgreSQL connected","timestamp":"2025-08-12T22:29:31.872Z"}
{"label":"graphql-server","level":"info","message":"Creating Neo4j indexes and constraints...","timestamp":"2025-08-12T22:29:31.863Z"}
{"label":"graphql-server","level":"info","message":"Initializing services...","timestamp":"2025-08-12T22:29:31.816Z"}
{"label":"graphql-server","level":"info","message":"Neo4j connected","timestamp":"2025-08-12T22:29:31.880Z"}
{"label":"graphql-server","level":"info","message":"PostgreSQL connected","timestamp":"2025-08-12T22:29:31.886Z"}
{"label":"graphql-server","level":"info","message":"Creating Neo4j indexes and constraints...","timestamp":"2025-08-12T22:29:31.869Z"}
{"label":"graphql-server","level":"info","message":"Neo4j connected","timestamp":"2025-08-12T22:29:31.893Z"}
{"label":"graphql-server","level":"info","message":"Neo4j connected","timestamp":"2025-08-12T22:29:31.894Z"}
{"label":"graphql-server","level":"info","message":"PostgreSQL connected","timestamp":"2025-08-12T22:29:31.897Z"}
{"label":"graphql-server","level":"info","message":"Initializing services...","timestamp":"2025-08-12T22:29:31.856Z"}
{"label":"graphql-server","level":"info","message":"Queue service connected","timestamp":"2025-08-12T22:29:31.902Z"}
{"label":"graphql-server","level":"info","message":"Neo4j connected","timestamp":"2025-08-12T22:29:31.903Z"}
{"label":"graphql-server","level":"info","message":"Queue service connected","timestamp":"2025-08-12T22:29:31.907Z"}
{"label":"graphql-server","level":"info","message":"Queue service connected","timestamp":"2025-08-12T22:29:31.910Z"}
{"label":"graphql-server","level":"info","message":"Creating Neo4j indexes and constraints...","timestamp":"2025-08-12T22:29:31.907Z"}
{"label":"graphql-server","level":"info","message":"Creating Neo4j indexes and constraints...","timestamp":"2025-08-12T22:29:31.910Z"}
{"label":"graphql-server","level":"info","message":"Neo4j connected","timestamp":"2025-08-12T22:29:31.920Z"}
{"label":"graphql-server","level":"info","message":"Creating Neo4j indexes and constraints...","timestamp":"2025-08-12T22:29:31.902Z"}
{"label":"graphql-server","level":"info","message":"PostgreSQL connected","timestamp":"2025-08-12T22:29:31.939Z"}
{"label":"graphql-server","level":"info","message":"PostgreSQL connected","timestamp":"2025-08-12T22:29:31.939Z"}
{"label":"graphql-server","level":"info","message":"Initializing services...","timestamp":"2025-08-12T22:29:31.933Z"}
{"label":"graphql-server","level":"info","message":"Queue service connected","timestamp":"2025-08-12T22:29:31.940Z"}
{"label":"graphql-server","level":"info","message":"Creating Neo4j indexes and constraints...","timestamp":"2025-08-12T22:29:31.940Z"}
{"label":"graphql-server","level":"info","message":"PostgreSQL connected","timestamp":"2025-08-12T22:29:31.950Z"}
{"label":"graphql-server","level":"info","message":"Queue service connected","timestamp":"2025-08-12T22:29:31.940Z"}
{"label":"graphql-server","level":"info","message":"Creating Neo4j indexes and constraints...","timestamp":"2025-08-12T22:29:31.940Z"}
{"label":"graphql-server","level":"info","message":"Queue service connected","timestamp":"2025-08-12T22:29:31.955Z"}
{"label":"graphql-server","level":"info","message":"PostgreSQL connected","timestamp":"2025-08-12T22:29:31.958Z"}
{"label":"graphql-server","level":"info","message":"Queue service connected","timestamp":"2025-08-12T22:29:31.959Z"}
{"label":"graphql-server","level":"info","message":"Creating Neo4j indexes and constraints...","timestamp":"2025-08-12T22:29:31.955Z"}
{"label":"graphql-server","level":"info","message":"Creating Neo4j indexes and constraints...","timestamp":"2025-08-12T22:29:31.960Z"}
{"label":"graphql-server","level":"info","message":"Neo4j connected","timestamp":"2025-08-12T22:29:31.982Z"}
{"label":"graphql-server","level":"info","message":"PostgreSQL connected","timestamp":"2025-08-12T22:29:32.000Z"}
{"label":"graphql-server","level":"info","message":"Queue service connected","timestamp":"2025-08-12T22:29:32.001Z"}
{"label":"graphql-server","level":"info","message":"Creating Neo4j indexes and constraints...","timestamp":"2025-08-12T22:29:32.002Z"}
{"label":"graphql-server","level":"info","message":"Initializing services...","timestamp":"2025-08-12T22:29:32.195Z"}
{"label":"graphql-server","level":"info","message":"Neo4j connected","timestamp":"2025-08-12T22:29:32.232Z"}
{"label":"graphql-server","level":"info","message":"PostgreSQL connected","timestamp":"2025-08-12T22:29:32.241Z"}
{"label":"graphql-server","level":"info","message":"Queue service connected","timestamp":"2025-08-12T22:29:32.241Z"}
{"label":"graphql-server","level":"info","message":"Creating Neo4j indexes and constraints...","timestamp":"2025-08-12T22:29:32.241Z"}
{"label":"graphql-server","level":"info","message":"Neo4j indexes and constraints created successfully","timestamp":"2025-08-12T22:29:32.279Z"}
{"label":"graphql-server","level":"info","message":"Neo4j indexes and constraints created successfully","timestamp":"2025-08-12T22:29:32.281Z"}
{"label":"graphql-server","level":"info","message":"Neo4j indexes and constraints created successfully","timestamp":"2025-08-12T22:29:32.281Z"}
{"label":"graphql-server","level":"info","message":"Neo4j indexes and constraints created successfully","timestamp":"2025-08-12T22:29:32.282Z"}
{"label":"graphql-server","level":"info","message":"Neo4j indexes and constraints created successfully","timestamp":"2025-08-12T22:29:32.282Z"}
{"label":"graphql-server","level":"info","message":"Neo4j indexes and constraints created successfully","timestamp":"2025-08-12T22:29:32.288Z"}
{"label":"graphql-server","level":"info","message":"Neo4j indexes and constraints created successfully","timestamp":"2025-08-12T22:29:32.290Z"}
{"label":"graphql-server","level":"info","message":"Neo4j indexes and constraints created successfully","timestamp":"2025-08-12T22:29:32.293Z"}
{"label":"graphql-server","level":"info","message":"Neo4j indexes and constraints created successfully","timestamp":"2025-08-12T22:29:32.295Z"}
{"label":"graphql-server","level":"info","message":"Neo4j indexes and constraints created successfully","timestamp":"2025-08-12T22:29:32.296Z"}
{"label":"graphql-server","level":"info","message":"Neo4j indexes and constraints created successfully","timestamp":"2025-08-12T22:29:32.297Z"}
{"label":"graphql-server","level":"info","message":"Neo4j indexes and constraints created successfully","timestamp":"2025-08-12T22:29:32.386Z"}
{"label":"graphql-server","level":"info","message":"Initializing services...","timestamp":"2025-08-12T22:30:01.045Z"}
{"label":"graphql-server","level":"info","message":"Neo4j connected","timestamp":"2025-08-12T22:30:01.082Z"}
{"label":"graphql-server","level":"info","message":"PostgreSQL connected","timestamp":"2025-08-12T22:30:01.089Z"}
{"label":"graphql-server","level":"info","message":"Queue service connected","timestamp":"2025-08-12T22:30:01.090Z"}
{"label":"graphql-server","level":"info","message":"Creating Neo4j indexes and constraints...","timestamp":"2025-08-12T22:30:01.090Z"}
{"label":"graphql-server","level":"info","message":"Neo4j indexes and constraints created successfully","timestamp":"2025-08-12T22:30:01.118Z"}
{"label":"graphql-server","level":"info","message":"Initializing services...","timestamp":"2025-08-12T22:31:27.794Z"}
{"label":"graphql-server","level":"info","message":"Initializing services...","timestamp":"2025-08-12T22:31:27.811Z"}
{"label":"graphql-server","level":"info","message":"Initializing services...","timestamp":"2025-08-12T22:31:27.814Z"}
{"label":"graphql-server","level":"info","message":"Initializing services...","timestamp":"2025-08-12T22:31:27.807Z"}
{"label":"graphql-server","level":"info","message":"Neo4j connected","timestamp":"2025-08-12T22:31:27.969Z"}
{"label":"graphql-server","level":"info","message":"Neo4j connected","timestamp":"2025-08-12T22:31:27.969Z"}
{"label":"graphql-server","level":"info","message":"PostgreSQL connected","timestamp":"2025-08-12T22:31:27.988Z"}
{"label":"graphql-server","level":"info","message":"PostgreSQL connected","timestamp":"2025-08-12T22:31:27.988Z"}
{"label":"graphql-server","level":"info","message":"Queue service connected","timestamp":"2025-08-12T22:31:27.989Z"}
{"label":"graphql-server","level":"info","message":"Queue service connected","timestamp":"2025-08-12T22:31:27.989Z"}
{"label":"graphql-server","level":"info","message":"Creating Neo4j indexes and constraints...","timestamp":"2025-08-12T22:31:27.989Z"}
{"label":"graphql-server","level":"info","message":"Creating Neo4j indexes and constraints...","timestamp":"2025-08-12T22:31:27.989Z"}
{"label":"graphql-server","level":"info","message":"Neo4j connected","timestamp":"2025-08-12T22:31:28.003Z"}
{"label":"graphql-server","level":"info","message":"PostgreSQL connected","timestamp":"2025-08-12T22:31:28.022Z"}
{"label":"graphql-server","level":"info","message":"Queue service connected","timestamp":"2025-08-12T22:31:28.023Z"}
{"label":"graphql-server","level":"info","message":"Creating Neo4j indexes and constraints...","timestamp":"2025-08-12T22:31:28.023Z"}
{"label":"graphql-server","level":"info","message":"Neo4j connected","timestamp":"2025-08-12T22:31:28.054Z"}
{"label":"graphql-server","level":"info","message":"Initializing services...","timestamp":"2025-08-12T22:31:28.092Z"}
{"label":"graphql-server","level":"info","message":"PostgreSQL connected","timestamp":"2025-08-12T22:31:28.126Z"}
{"label":"graphql-server","level":"info","message":"Queue service connected","timestamp":"2025-08-12T22:31:28.130Z"}
{"label":"graphql-server","level":"info","message":"Creating Neo4j indexes and constraints...","timestamp":"2025-08-12T22:31:28.134Z"}
{"label":"graphql-server","level":"info","message":"Neo4j indexes and constraints created successfully","timestamp":"2025-08-12T22:31:28.148Z"}
{"label":"graphql-server","level":"info","message":"Neo4j connected","timestamp":"2025-08-12T22:31:28.221Z"}
{"label":"graphql-server","level":"info","message":"Neo4j indexes and constraints created successfully","timestamp":"2025-08-12T22:31:28.226Z"}
{"label":"graphql-server","level":"info","message":"Neo4j indexes and constraints created successfully","timestamp":"2025-08-12T22:31:28.250Z"}
{"label":"graphql-server","level":"info","message":"PostgreSQL connected","timestamp":"2025-08-12T22:31:28.273Z"}
{"label":"graphql-server","level":"info","message":"Initializing services...","timestamp":"2025-08-12T22:31:28.266Z"}
{"label":"graphql-server","level":"info","message":"Neo4j indexes and constraints created successfully","timestamp":"2025-08-12T22:31:28.298Z"}
{"label":"graphql-server","level":"info","message":"Queue service connected","timestamp":"2025-08-12T22:31:28.298Z"}
{"label":"graphql-server","level":"info","message":"Creating Neo4j indexes and constraints...","timestamp":"2025-08-12T22:31:28.300Z"}
{"label":"graphql-server","level":"info","message":"Neo4j connected","timestamp":"2025-08-12T22:31:28.320Z"}
{"label":"graphql-server","level":"info","message":"PostgreSQL connected","timestamp":"2025-08-12T22:31:28.338Z"}
{"label":"graphql-server","level":"info","message":"Queue service connected","timestamp":"2025-08-12T22:31:28.339Z"}
{"label":"graphql-server","level":"info","message":"Creating Neo4j indexes and constraints...","timestamp":"2025-08-12T22:31:28.340Z"}
{"label":"graphql-server","level":"info","message":"Initializing services...","timestamp":"2025-08-12T22:31:28.377Z"}
{"label":"graphql-server","level":"info","message":"Neo4j indexes and constraints created successfully","timestamp":"2025-08-12T22:31:28.432Z"}
{"label":"graphql-server","level":"info","message":"Neo4j indexes and constraints created successfully","timestamp":"2025-08-12T22:31:28.469Z"}
{"label":"graphql-server","level":"info","message":"Neo4j connected","timestamp":"2025-08-12T22:31:28.480Z"}
{"label":"graphql-server","level":"info","message":"PostgreSQL connected","timestamp":"2025-08-12T22:31:28.494Z"}
{"label":"graphql-server","level":"info","message":"Queue service connected","timestamp":"2025-08-12T22:31:28.496Z"}
{"label":"graphql-server","level":"info","message":"Creating Neo4j indexes and constraints...","timestamp":"2025-08-12T22:31:28.496Z"}
{"label":"graphql-server","level":"info","message":"Neo4j indexes and constraints created successfully","timestamp":"2025-08-12T22:31:28.531Z"}
{"label":"graphql-server","level":"info","message":"Initializing services...","timestamp":"2025-08-12T22:31:28.551Z"}
{"label":"graphql-server","level":"info","message":"Neo4j connected","timestamp":"2025-08-12T22:31:28.620Z"}
{"label":"graphql-server","level":"info","message":"PostgreSQL connected","timestamp":"2025-08-12T22:31:28.639Z"}
{"label":"graphql-server","level":"info","message":"Queue service connected","timestamp":"2025-08-12T22:31:28.641Z"}
{"label":"graphql-server","level":"info","message":"Creating Neo4j indexes and constraints...","timestamp":"2025-08-12T22:31:28.641Z"}
{"label":"graphql-server","level":"info","message":"Initializing services...","timestamp":"2025-08-12T22:31:28.655Z"}
{"label":"graphql-server","level":"info","message":"Neo4j connected","timestamp":"2025-08-12T22:31:28.709Z"}
{"label":"graphql-server","level":"info","message":"PostgreSQL connected","timestamp":"2025-08-12T22:31:28.727Z"}
{"label":"graphql-server","level":"info","message":"Queue service connected","timestamp":"2025-08-12T22:31:28.728Z"}
{"label":"graphql-server","level":"info","message":"Creating Neo4j indexes and constraints...","timestamp":"2025-08-12T22:31:28.728Z"}
{"label":"graphql-server","level":"info","message":"Neo4j indexes and constraints created successfully","timestamp":"2025-08-12T22:31:28.790Z"}
{"label":"graphql-server","level":"info","message":"Neo4j indexes and constraints created successfully","timestamp":"2025-08-12T22:31:28.838Z"}
{"label":"graphql-server","level":"info","message":"Initializing services...","timestamp":"2025-08-12T22:31:28.915Z"}
{"label":"graphql-server","level":"info","message":"Initializing services...","timestamp":"2025-08-12T22:31:28.941Z"}
{"label":"graphql-server","level":"info","message":"Initializing services...","timestamp":"2025-08-12T22:31:28.966Z"}
{"label":"graphql-server","level":"info","message":"Neo4j connected","timestamp":"2025-08-12T22:31:28.979Z"}
{"label":"graphql-server","level":"info","message":"Neo4j connected","timestamp":"2025-08-12T22:31:28.994Z"}
{"label":"graphql-server","level":"info","message":"PostgreSQL connected","timestamp":"2025-08-12T22:31:28.996Z"}
{"label":"graphql-server","level":"info","message":"Initializing services...","timestamp":"2025-08-12T22:31:28.989Z"}
{"label":"graphql-server","level":"info","message":"Queue service connected","timestamp":"2025-08-12T22:31:28.998Z"}
{"label":"graphql-server","level":"info","message":"Creating Neo4j indexes and constraints...","timestamp":"2025-08-12T22:31:28.998Z"}
{"label":"graphql-server","level":"info","message":"PostgreSQL connected","timestamp":"2025-08-12T22:31:29.016Z"}
{"label":"graphql-server","level":"info","message":"Queue service connected","timestamp":"2025-08-12T22:31:29.017Z"}
{"label":"graphql-server","level":"info","message":"Neo4j connected","timestamp":"2025-08-12T22:31:29.017Z"}
{"label":"graphql-server","level":"info","message":"Initializing services...","timestamp":"2025-08-12T22:31:28.987Z"}
{"label":"graphql-server","level":"info","message":"Creating Neo4j indexes and constraints...","timestamp":"2025-08-12T22:31:29.017Z"}
{"label":"graphql-server","level":"info","message":"PostgreSQL connected","timestamp":"2025-08-12T22:31:29.034Z"}
{"label":"graphql-server","level":"info","message":"Neo4j connected","timestamp":"2025-08-12T22:31:29.043Z"}
{"label":"graphql-server","level":"info","message":"Queue service connected","timestamp":"2025-08-12T22:31:29.037Z"}
{"label":"graphql-server","level":"info","message":"Creating Neo4j indexes and constraints...","timestamp":"2025-08-12T22:31:29.037Z"}
{"label":"graphql-server","level":"info","message":"PostgreSQL connected","timestamp":"2025-08-12T22:31:29.058Z"}
{"label":"graphql-server","level":"info","message":"Queue service connected","timestamp":"2025-08-12T22:31:29.059Z"}
{"label":"graphql-server","level":"info","message":"Neo4j connected","timestamp":"2025-08-12T22:31:29.061Z"}
{"label":"graphql-server","level":"info","message":"Creating Neo4j indexes and constraints...","timestamp":"2025-08-12T22:31:29.059Z"}
{"label":"graphql-server","level":"info","message":"Neo4j indexes and constraints created successfully","timestamp":"2025-08-12T22:31:29.067Z"}
{"label":"graphql-server","level":"info","message":"PostgreSQL connected","timestamp":"2025-08-12T22:31:29.074Z"}
{"label":"graphql-server","level":"info","message":"Queue service connected","timestamp":"2025-08-12T22:31:29.075Z"}
{"label":"graphql-server","level":"info","message":"Creating Neo4j indexes and constraints...","timestamp":"2025-08-12T22:31:29.075Z"}
{"label":"graphql-server","level":"info","message":"Neo4j indexes and constraints created successfully","timestamp":"2025-08-12T22:31:29.084Z"}
{"label":"graphql-server","level":"info","message":"Neo4j indexes and constraints created successfully","timestamp":"2025-08-12T22:31:29.090Z"}
{"label":"graphql-server","level":"info","message":"Neo4j indexes and constraints created successfully","timestamp":"2025-08-12T22:31:29.109Z"}
{"label":"graphql-server","level":"info","message":"Neo4j indexes and constraints created successfully","timestamp":"2025-08-12T22:31:29.121Z"}
{"label":"graphql-server","level":"info","message":"Initializing services...","timestamp":"2025-08-12T22:31:52.755Z"}
{"label":"graphql-server","level":"info","message":"Neo4j connected","timestamp":"2025-08-12T22:31:52.792Z"}
{"label":"graphql-server","level":"info","message":"PostgreSQL connected","timestamp":"2025-08-12T22:31:52.798Z"}
{"label":"graphql-server","level":"info","message":"Queue service connected","timestamp":"2025-08-12T22:31:52.799Z"}
{"label":"graphql-server","level":"info","message":"Creating Neo4j indexes and constraints...","timestamp":"2025-08-12T22:31:52.799Z"}
{"label":"graphql-server","level":"info","message":"Neo4j indexes and constraints created successfully","timestamp":"2025-08-12T22:31:52.819Z"}
{"label":"graphql-server","level":"info","message":"Initializing services...","timestamp":"2025-08-12T22:33:25.717Z"}
{"label":"graphql-server","level":"info","message":"Initializing services...","timestamp":"2025-08-12T22:33:25.735Z"}
{"label":"graphql-server","level":"info","message":"Initializing services...","timestamp":"2025-08-12T22:33:25.733Z"}
{"label":"graphql-server","level":"info","message":"Initializing services...","timestamp":"2025-08-12T22:33:25.793Z"}
{"label":"graphql-server","level":"info","message":"Neo4j connected","timestamp":"2025-08-12T22:33:25.832Z"}
{"label":"graphql-server","level":"info","message":"Neo4j connected","timestamp":"2025-08-12T22:33:25.833Z"}
{"label":"graphql-server","level":"info","message":"Neo4j connected","timestamp":"2025-08-12T22:33:25.838Z"}
{"label":"graphql-server","level":"info","message":"PostgreSQL connected","timestamp":"2025-08-12T22:33:25.848Z"}
{"label":"graphql-server","level":"info","message":"Queue service connected","timestamp":"2025-08-12T22:33:25.848Z"}
{"label":"graphql-server","level":"info","message":"PostgreSQL connected","timestamp":"2025-08-12T22:33:25.851Z"}
{"label":"graphql-server","level":"info","message":"PostgreSQL connected","timestamp":"2025-08-12T22:33:25.851Z"}
{"label":"graphql-server","level":"info","message":"Queue service connected","timestamp":"2025-08-12T22:33:25.852Z"}
{"label":"graphql-server","level":"info","message":"Queue service connected","timestamp":"2025-08-12T22:33:25.852Z"}
{"label":"graphql-server","level":"info","message":"Creating Neo4j indexes and constraints...","timestamp":"2025-08-12T22:33:25.848Z"}
{"label":"graphql-server","level":"info","message":"Neo4j connected","timestamp":"2025-08-12T22:33:25.858Z"}
{"label":"graphql-server","level":"info","message":"Creating Neo4j indexes and constraints...","timestamp":"2025-08-12T22:33:25.852Z"}
{"label":"graphql-server","level":"info","message":"Creating Neo4j indexes and constraints...","timestamp":"2025-08-12T22:33:25.852Z"}
{"label":"graphql-server","level":"info","message":"PostgreSQL connected","timestamp":"2025-08-12T22:33:25.877Z"}
{"label":"graphql-server","level":"info","message":"Queue service connected","timestamp":"2025-08-12T22:33:25.878Z"}
{"label":"graphql-server","level":"info","message":"Creating Neo4j indexes and constraints...","timestamp":"2025-08-12T22:33:25.878Z"}
{"label":"graphql-server","level":"info","message":"Neo4j indexes and constraints created successfully","timestamp":"2025-08-12T22:33:25.900Z"}
{"label":"graphql-server","level":"info","message":"Neo4j indexes and constraints created successfully","timestamp":"2025-08-12T22:33:25.900Z"}
{"label":"graphql-server","level":"info","message":"Neo4j indexes and constraints created successfully","timestamp":"2025-08-12T22:33:25.924Z"}
{"label":"graphql-server","level":"info","message":"Neo4j indexes and constraints created successfully","timestamp":"2025-08-12T22:33:25.932Z"}
{"label":"graphql-server","level":"info","message":"Initializing services...","timestamp":"2025-08-12T22:33:26.384Z"}
{"label":"graphql-server","level":"info","message":"Neo4j connected","timestamp":"2025-08-12T22:33:26.464Z"}
{"label":"graphql-server","level":"info","message":"PostgreSQL connected","timestamp":"2025-08-12T22:33:26.531Z"}
{"label":"graphql-server","level":"info","message":"Queue service connected","timestamp":"2025-08-12T22:33:26.532Z"}
{"label":"graphql-server","level":"info","message":"Creating Neo4j indexes and constraints...","timestamp":"2025-08-12T22:33:26.533Z"}
{"label":"graphql-server","level":"info","message":"Neo4j indexes and constraints created successfully","timestamp":"2025-08-12T22:33:26.596Z"}
{"label":"graphql-server","level":"info","message":"Initializing services...","timestamp":"2025-08-12T22:33:26.651Z"}
{"label":"graphql-server","level":"info","message":"Neo4j connected","timestamp":"2025-08-12T22:33:26.792Z"}
{"label":"graphql-server","level":"info","message":"Initializing services...","timestamp":"2025-08-12T22:33:26.820Z"}
{"label":"graphql-server","level":"info","message":"Initializing services...","timestamp":"2025-08-12T22:33:26.767Z"}
{"label":"graphql-server","level":"info","message":"Initializing services...","timestamp":"2025-08-12T22:33:26.854Z"}
{"label":"graphql-server","level":"info","message":"Initializing services...","timestamp":"2025-08-12T22:33:26.869Z"}
{"label":"graphql-server","level":"info","message":"Initializing services...","timestamp":"2025-08-12T22:33:26.857Z"}
{"label":"graphql-server","level":"info","message":"PostgreSQL connected","timestamp":"2025-08-12T22:33:26.882Z"}
{"label":"graphql-server","level":"info","message":"Queue service connected","timestamp":"2025-08-12T22:33:26.883Z"}
{"label":"graphql-server","level":"info","message":"Neo4j connected","timestamp":"2025-08-12T22:33:26.888Z"}
{"label":"graphql-server","level":"info","message":"Creating Neo4j indexes and constraints...","timestamp":"2025-08-12T22:33:26.884Z"}
{"label":"graphql-server","level":"info","message":"Neo4j connected","timestamp":"2025-08-12T22:33:26.898Z"}
{"label":"graphql-server","level":"info","message":"PostgreSQL connected","timestamp":"2025-08-12T22:33:26.909Z"}
{"label":"graphql-server","level":"info","message":"Queue service connected","timestamp":"2025-08-12T22:33:26.911Z"}
{"label":"graphql-server","level":"info","message":"Neo4j indexes and constraints created successfully","timestamp":"2025-08-12T22:33:26.917Z"}
{"label":"graphql-server","level":"info","message":"Creating Neo4j indexes and constraints...","timestamp":"2025-08-12T22:33:26.911Z"}
{"label":"graphql-server","level":"info","message":"PostgreSQL connected","timestamp":"2025-08-12T22:33:26.925Z"}
{"label":"graphql-server","level":"info","message":"Queue service connected","timestamp":"2025-08-12T22:33:26.928Z"}
{"label":"graphql-server","level":"info","message":"Neo4j connected","timestamp":"2025-08-12T22:33:26.929Z"}
{"label":"graphql-server","level":"info","message":"Creating Neo4j indexes and constraints...","timestamp":"2025-08-12T22:33:26.928Z"}
{"label":"graphql-server","level":"info","message":"Neo4j connected","timestamp":"2025-08-12T22:33:26.936Z"}
{"label":"graphql-server","level":"info","message":"Neo4j connected","timestamp":"2025-08-12T22:33:26.937Z"}
{"label":"graphql-server","level":"info","message":"Initializing services...","timestamp":"2025-08-12T22:33:26.926Z"}
{"label":"graphql-server","level":"info","message":"PostgreSQL connected","timestamp":"2025-08-12T22:33:26.940Z"}
{"label":"graphql-server","level":"info","message":"Queue service connected","timestamp":"2025-08-12T22:33:26.942Z"}
{"label":"graphql-server","level":"info","message":"Initializing services...","timestamp":"2025-08-12T22:33:26.919Z"}
{"label":"graphql-server","level":"info","message":"Creating Neo4j indexes and constraints...","timestamp":"2025-08-12T22:33:26.942Z"}
{"label":"graphql-server","level":"info","message":"Initializing services...","timestamp":"2025-08-12T22:33:26.934Z"}
{"label":"graphql-server","level":"info","message":"Initializing services...","timestamp":"2025-08-12T22:33:26.943Z"}
{"label":"graphql-server","level":"info","message":"Neo4j indexes and constraints created successfully","timestamp":"2025-08-12T22:33:26.952Z"}
{"label":"graphql-server","level":"info","message":"PostgreSQL connected","timestamp":"2025-08-12T22:33:26.964Z"}
{"label":"graphql-server","level":"info","message":"Neo4j connected","timestamp":"2025-08-12T22:33:26.967Z"}
{"label":"graphql-server","level":"info","message":"PostgreSQL connected","timestamp":"2025-08-12T22:33:26.970Z"}
{"label":"graphql-server","level":"info","message":"Queue service connected","timestamp":"2025-08-12T22:33:26.973Z"}
{"label":"graphql-server","level":"info","message":"Queue service connected","timestamp":"2025-08-12T22:33:26.973Z"}
{"label":"graphql-server","level":"info","message":"Neo4j connected","timestamp":"2025-08-12T22:33:26.976Z"}
{"label":"graphql-server","level":"info","message":"Creating Neo4j indexes and constraints...","timestamp":"2025-08-12T22:33:26.973Z"}
{"label":"graphql-server","level":"info","message":"PostgreSQL connected","timestamp":"2025-08-12T22:33:26.980Z"}
{"label":"graphql-server","level":"info","message":"Neo4j connected","timestamp":"2025-08-12T22:33:26.981Z"}
{"label":"graphql-server","level":"info","message":"Queue service connected","timestamp":"2025-08-12T22:33:26.981Z"}
{"label":"graphql-server","level":"info","message":"Creating Neo4j indexes and constraints...","timestamp":"2025-08-12T22:33:26.974Z"}
{"label":"graphql-server","level":"info","message":"Creating Neo4j indexes and constraints...","timestamp":"2025-08-12T22:33:26.981Z"}
{"label":"graphql-server","level":"info","message":"Neo4j connected","timestamp":"2025-08-12T22:33:26.986Z"}
{"label":"graphql-server","level":"info","message":"PostgreSQL connected","timestamp":"2025-08-12T22:33:26.989Z"}
{"label":"graphql-server","level":"info","message":"Queue service connected","timestamp":"2025-08-12T22:33:26.991Z"}
{"label":"graphql-server","level":"info","message":"Neo4j indexes and constraints created successfully","timestamp":"2025-08-12T22:33:26.992Z"}
{"label":"graphql-server","level":"info","message":"PostgreSQL connected","timestamp":"2025-08-12T22:33:26.994Z"}
{"label":"graphql-server","level":"info","message":"PostgreSQL connected","timestamp":"2025-08-12T22:33:26.996Z"}
{"label":"graphql-server","level":"info","message":"Creating Neo4j indexes and constraints...","timestamp":"2025-08-12T22:33:26.992Z"}
{"label":"graphql-server","level":"info","message":"Neo4j indexes and constraints created successfully","timestamp":"2025-08-12T22:33:26.997Z"}
{"label":"graphql-server","level":"info","message":"Queue service connected","timestamp":"2025-08-12T22:33:26.996Z"}
{"label":"graphql-server","level":"info","message":"Queue service connected","timestamp":"2025-08-12T22:33:26.999Z"}
{"label":"graphql-server","level":"info","message":"Creating Neo4j indexes and constraints...","timestamp":"2025-08-12T22:33:26.997Z"}
{"label":"graphql-server","level":"info","message":"Creating Neo4j indexes and constraints...","timestamp":"2025-08-12T22:33:27.000Z"}
{"label":"graphql-server","level":"info","message":"Neo4j indexes and constraints created successfully","timestamp":"2025-08-12T22:33:27.017Z"}
{"label":"graphql-server","level":"info","message":"Neo4j indexes and constraints created successfully","timestamp":"2025-08-12T22:33:27.018Z"}
{"label":"graphql-server","level":"info","message":"Neo4j indexes and constraints created successfully","timestamp":"2025-08-12T22:33:27.026Z"}
{"label":"graphql-server","level":"info","message":"Neo4j indexes and constraints created successfully","timestamp":"2025-08-12T22:33:27.033Z"}
{"label":"graphql-server","level":"info","message":"Neo4j indexes and constraints created successfully","timestamp":"2025-08-12T22:33:27.043Z"}
{"label":"graphql-server","level":"info","message":"Neo4j indexes and constraints created successfully","timestamp":"2025-08-12T22:33:27.051Z"}
{"label":"graphql-server","level":"info","message":"Initializing services...","timestamp":"2025-08-12T22:36:08.731Z"}
{"label":"graphql-server","level":"info","message":"Initializing services...","timestamp":"2025-08-12T22:36:08.649Z"}
{"label":"graphql-server","level":"info","message":"Initializing services...","timestamp":"2025-08-12T22:36:08.725Z"}
{"label":"graphql-server","level":"info","message":"Initializing services...","timestamp":"2025-08-12T22:36:08.793Z"}
{"label":"graphql-server","level":"info","message":"Initializing services...","timestamp":"2025-08-12T22:36:08.841Z"}
{"label":"graphql-server","level":"info","message":"Initializing services...","timestamp":"2025-08-12T22:36:08.755Z"}
{"label":"graphql-server","level":"info","message":"Initializing services...","timestamp":"2025-08-12T22:36:08.865Z"}
{"label":"graphql-server","level":"info","message":"Neo4j connected","timestamp":"2025-08-12T22:36:08.924Z"}
{"label":"graphql-server","level":"info","message":"Neo4j connected","timestamp":"2025-08-12T22:36:08.932Z"}
{"label":"graphql-server","level":"info","message":"Initializing services...","timestamp":"2025-08-12T22:36:08.765Z"}
{"label":"graphql-server","level":"info","message":"Neo4j connected","timestamp":"2025-08-12T22:36:08.981Z"}
{"label":"graphql-server","level":"info","message":"Neo4j connected","timestamp":"2025-08-12T22:36:09.000Z"}
{"label":"graphql-server","level":"info","message":"Neo4j connected","timestamp":"2025-08-12T22:36:09.001Z"}
{"label":"graphql-server","level":"info","message":"Initializing services...","timestamp":"2025-08-12T22:36:08.858Z"}
{"label":"graphql-server","level":"info","message":"PostgreSQL connected","timestamp":"2025-08-12T22:36:09.005Z"}
{"label":"graphql-server","level":"info","message":"Neo4j connected","timestamp":"2025-08-12T22:36:09.009Z"}
{"label":"graphql-server","level":"info","message":"Queue service connected","timestamp":"2025-08-12T22:36:09.007Z"}
{"label":"graphql-server","level":"info","message":"Creating Neo4j indexes and constraints...","timestamp":"2025-08-12T22:36:09.007Z"}
{"label":"graphql-server","level":"info","message":"Initializing services...","timestamp":"2025-08-12T22:36:09.008Z"}
{"label":"graphql-server","level":"info","message":"PostgreSQL connected","timestamp":"2025-08-12T22:36:09.026Z"}
{"label":"graphql-server","level":"info","message":"Queue service connected","timestamp":"2025-08-12T22:36:09.027Z"}
{"label":"graphql-server","level":"info","message":"PostgreSQL connected","timestamp":"2025-08-12T22:36:09.029Z"}
{"label":"graphql-server","level":"info","message":"PostgreSQL connected","timestamp":"2025-08-12T22:36:09.032Z"}
{"label":"graphql-server","level":"info","message":"Queue service connected","timestamp":"2025-08-12T22:36:09.033Z"}
{"label":"graphql-server","level":"info","message":"Creating Neo4j indexes and constraints...","timestamp":"2025-08-12T22:36:09.028Z"}
{"label":"graphql-server","level":"info","message":"Queue service connected","timestamp":"2025-08-12T22:36:09.030Z"}
{"label":"graphql-server","level":"info","message":"Creating Neo4j indexes and constraints...","timestamp":"2025-08-12T22:36:09.030Z"}
{"label":"graphql-server","level":"info","message":"Neo4j connected","timestamp":"2025-08-12T22:36:09.040Z"}
{"label":"graphql-server","level":"info","message":"Creating Neo4j indexes and constraints...","timestamp":"2025-08-12T22:36:09.034Z"}
{"label":"graphql-server","level":"info","message":"PostgreSQL connected","timestamp":"2025-08-12T22:36:09.060Z"}
{"label":"graphql-server","level":"info","message":"Queue service connected","timestamp":"2025-08-12T22:36:09.060Z"}
{"label":"graphql-server","level":"info","message":"Neo4j connected","timestamp":"2025-08-12T22:36:09.061Z"}
{"label":"graphql-server","level":"info","message":"Creating Neo4j indexes and constraints...","timestamp":"2025-08-12T22:36:09.061Z"}
{"label":"graphql-server","level":"info","message":"Neo4j connected","timestamp":"2025-08-12T22:36:09.083Z"}
{"label":"graphql-server","level":"info","message":"PostgreSQL connected","timestamp":"2025-08-12T22:36:09.084Z"}
{"label":"graphql-server","level":"info","message":"Queue service connected","timestamp":"2025-08-12T22:36:09.085Z"}
{"label":"graphql-server","level":"info","message":"Creating Neo4j indexes and constraints...","timestamp":"2025-08-12T22:36:09.085Z"}
{"label":"graphql-server","level":"info","message":"PostgreSQL connected","timestamp":"2025-08-12T22:36:09.093Z"}
{"label":"graphql-server","level":"info","message":"Queue service connected","timestamp":"2025-08-12T22:36:09.094Z"}
{"label":"graphql-server","level":"info","message":"Neo4j connected","timestamp":"2025-08-12T22:36:09.100Z"}
{"label":"graphql-server","level":"info","message":"Creating Neo4j indexes and constraints...","timestamp":"2025-08-12T22:36:09.094Z"}
{"label":"graphql-server","level":"info","message":"PostgreSQL connected","timestamp":"2025-08-12T22:36:09.104Z"}
{"label":"graphql-server","level":"info","message":"Queue service connected","timestamp":"2025-08-12T22:36:09.105Z"}
{"label":"graphql-server","level":"info","message":"Creating Neo4j indexes and constraints...","timestamp":"2025-08-12T22:36:09.105Z"}
{"label":"graphql-server","level":"info","message":"Initializing services...","timestamp":"2025-08-12T22:36:09.095Z"}
{"label":"graphql-server","level":"info","message":"PostgreSQL connected","timestamp":"2025-08-12T22:36:09.125Z"}
{"label":"graphql-server","level":"info","message":"Initializing services...","timestamp":"2025-08-12T22:36:09.105Z"}
{"label":"graphql-server","level":"info","message":"Queue service connected","timestamp":"2025-08-12T22:36:09.127Z"}
{"label":"graphql-server","level":"info","message":"Creating Neo4j indexes and constraints...","timestamp":"2025-08-12T22:36:09.127Z"}
{"label":"graphql-server","level":"info","message":"Neo4j connected","timestamp":"2025-08-12T22:36:09.147Z"}
{"label":"graphql-server","level":"info","message":"Initializing services...","timestamp":"2025-08-12T22:36:09.143Z"}
{"label":"graphql-server","level":"info","message":"Neo4j indexes and constraints created successfully","timestamp":"2025-08-12T22:36:09.162Z"}
{"label":"graphql-server","level":"info","message":"Initializing services...","timestamp":"2025-08-12T22:36:09.148Z"}
{"label":"graphql-server","level":"info","message":"Neo4j connected","timestamp":"2025-08-12T22:36:09.166Z"}
{"label":"graphql-server","level":"info","message":"Neo4j indexes and constraints created successfully","timestamp":"2025-08-12T22:36:09.174Z"}
{"label":"graphql-server","level":"info","message":"Neo4j indexes and constraints created successfully","timestamp":"2025-08-12T22:36:09.180Z"}
{"label":"graphql-server","level":"info","message":"PostgreSQL connected","timestamp":"2025-08-12T22:36:09.184Z"}
{"label":"graphql-server","level":"info","message":"Initializing services...","timestamp":"2025-08-12T22:36:09.163Z"}
{"label":"graphql-server","level":"info","message":"PostgreSQL connected","timestamp":"2025-08-12T22:36:09.193Z"}
{"label":"graphql-server","level":"info","message":"Queue service connected","timestamp":"2025-08-12T22:36:09.200Z"}
{"label":"graphql-server","level":"info","message":"Creating Neo4j indexes and constraints...","timestamp":"2025-08-12T22:36:09.200Z"}
{"label":"graphql-server","level":"info","message":"Neo4j indexes and constraints created successfully","timestamp":"2025-08-12T22:36:09.224Z"}
{"label":"graphql-server","level":"info","message":"Neo4j indexes and constraints created successfully","timestamp":"2025-08-12T22:36:09.224Z"}
{"label":"graphql-server","level":"info","message":"Queue service connected","timestamp":"2025-08-12T22:36:09.233Z"}
{"label":"graphql-server","level":"info","message":"Neo4j indexes and constraints created successfully","timestamp":"2025-08-12T22:36:09.258Z"}
{"label":"graphql-server","level":"info","message":"Neo4j indexes and constraints created successfully","timestamp":"2025-08-12T22:36:09.257Z"}
{"label":"graphql-server","level":"info","message":"Neo4j connected","timestamp":"2025-08-12T22:36:09.261Z"}
{"label":"graphql-server","level":"info","message":"Neo4j connected","timestamp":"2025-08-12T22:36:09.267Z"}
{"label":"graphql-server","level":"info","message":"Neo4j connected","timestamp":"2025-08-12T22:36:09.278Z"}
{"label":"graphql-server","level":"info","message":"PostgreSQL connected","timestamp":"2025-08-12T22:36:09.283Z"}
{"label":"graphql-server","level":"info","message":"Queue service connected","timestamp":"2025-08-12T22:36:09.285Z"}
{"label":"graphql-server","level":"info","message":"Neo4j indexes and constraints created successfully","timestamp":"2025-08-12T22:36:09.288Z"}
{"label":"graphql-server","level":"info","message":"PostgreSQL connected","timestamp":"2025-08-12T22:36:09.293Z"}
{"label":"graphql-server","level":"info","message":"Creating Neo4j indexes and constraints...","timestamp":"2025-08-12T22:36:09.285Z"}
{"label":"graphql-server","level":"info","message":"Queue service connected","timestamp":"2025-08-12T22:36:09.295Z"}
{"label":"graphql-server","level":"info","message":"Creating Neo4j indexes and constraints...","timestamp":"2025-08-12T22:36:09.295Z"}
{"label":"graphql-server","level":"info","message":"PostgreSQL connected","timestamp":"2025-08-12T22:36:09.311Z"}
{"label":"graphql-server","level":"info","message":"Queue service connected","timestamp":"2025-08-12T22:36:09.315Z"}
{"label":"graphql-server","level":"info","message":"PostgreSQL connected","timestamp":"2025-08-12T22:36:09.323Z"}
{"label":"graphql-server","level":"info","message":"Creating Neo4j indexes and constraints...","timestamp":"2025-08-12T22:36:09.316Z"}
{"label":"graphql-server","level":"info","message":"Creating Neo4j indexes and constraints...","timestamp":"2025-08-12T22:36:09.240Z"}
{"label":"graphql-server","level":"info","message":"Queue service connected","timestamp":"2025-08-12T22:36:09.325Z"}
{"label":"graphql-server","level":"info","message":"Creating Neo4j indexes and constraints...","timestamp":"2025-08-12T22:36:09.325Z"}
{"label":"graphql-server","level":"info","message":"Neo4j indexes and constraints created successfully","timestamp":"2025-08-12T22:36:09.346Z"}
{"label":"graphql-server","level":"info","message":"Neo4j indexes and constraints created successfully","timestamp":"2025-08-12T22:36:09.358Z"}
{"label":"graphql-server","level":"info","message":"Neo4j indexes and constraints created successfully","timestamp":"2025-08-12T22:36:09.385Z"}
{"label":"graphql-server","level":"info","message":"Neo4j indexes and constraints created successfully","timestamp":"2025-08-12T22:36:09.414Z"}
{"label":"graphql-server","level":"info","message":"Neo4j indexes and constraints created successfully","timestamp":"2025-08-12T22:36:09.488Z"}
{"label":"graphql-server","level":"info","message":"Neo4j indexes and constraints created successfully","timestamp":"2025-08-12T22:36:09.523Z"}
{"label":"graphql-server","level":"info","message":"Neo4j indexes and constraints created successfully","timestamp":"2025-08-12T22:36:09.526Z"}
{"label":"graphql-server","level":"info","message":"Initializing services...","timestamp":"2025-08-12T22:37:24.019Z"}
{"label":"graphql-server","level":"info","message":"Neo4j connected","timestamp":"2025-08-12T22:37:24.207Z"}
{"label":"graphql-server","level":"info","message":"Initializing services...","timestamp":"2025-08-12T22:37:24.085Z"}
{"label":"graphql-server","level":"info","message":"Initializing services...","timestamp":"2025-08-12T22:37:24.297Z"}
{"label":"graphql-server","level":"info","message":"Neo4j connected","timestamp":"2025-08-12T22:37:24.347Z"}
{"label":"graphql-server","level":"info","message":"Neo4j connected","timestamp":"2025-08-12T22:37:24.359Z"}
{"label":"graphql-server","level":"info","message":"PostgreSQL connected","timestamp":"2025-08-12T22:37:24.372Z"}
{"label":"graphql-server","level":"info","message":"PostgreSQL connected","timestamp":"2025-08-12T22:37:24.380Z"}
{"label":"graphql-server","level":"info","message":"Queue service connected","timestamp":"2025-08-12T22:37:24.381Z"}
{"label":"graphql-server","level":"info","message":"Creating Neo4j indexes and constraints...","timestamp":"2025-08-12T22:37:24.381Z"}
{"label":"graphql-server","level":"info","message":"Queue service connected","timestamp":"2025-08-12T22:37:24.397Z"}
{"label":"graphql-server","level":"info","message":"Neo4j indexes and constraints created successfully","timestamp":"2025-08-12T22:37:24.439Z"}
{"label":"graphql-server","level":"info","message":"Creating Neo4j indexes and constraints...","timestamp":"2025-08-12T22:37:24.397Z"}
{"label":"graphql-server","level":"info","message":"PostgreSQL connected","timestamp":"2025-08-12T22:37:24.444Z"}
{"label":"graphql-server","level":"info","message":"Queue service connected","timestamp":"2025-08-12T22:37:24.445Z"}
{"label":"graphql-server","level":"info","message":"Creating Neo4j indexes and constraints...","timestamp":"2025-08-12T22:37:24.445Z"}
{"label":"graphql-server","level":"info","message":"Neo4j indexes and constraints created successfully","timestamp":"2025-08-12T22:37:24.493Z"}
{"label":"graphql-server","level":"info","message":"Neo4j indexes and constraints created successfully","timestamp":"2025-08-12T22:37:24.520Z"}
{"label":"graphql-server","level":"info","message":"Initializing services...","timestamp":"2025-08-12T22:37:24.523Z"}
{"label":"graphql-server","level":"info","message":"Initializing services...","timestamp":"2025-08-12T22:37:24.546Z"}
{"label":"graphql-server","level":"info","message":"Neo4j connected","timestamp":"2025-08-12T22:37:24.600Z"}
{"label":"graphql-server","level":"info","message":"Initializing services...","timestamp":"2025-08-12T22:37:24.638Z"}
{"label":"graphql-server","level":"info","message":"Neo4j connected","timestamp":"2025-08-12T22:37:24.688Z"}
{"label":"graphql-server","level":"info","message":"PostgreSQL connected","timestamp":"2025-08-12T22:37:24.717Z"}
{"label":"graphql-server","level":"info","message":"Queue service connected","timestamp":"2025-08-12T22:37:24.717Z"}
{"label":"graphql-server","level":"info","message":"Neo4j connected","timestamp":"2025-08-12T22:37:24.719Z"}
{"label":"graphql-server","level":"info","message":"PostgreSQL connected","timestamp":"2025-08-12T22:37:24.720Z"}
{"label":"graphql-server","level":"info","message":"Queue service connected","timestamp":"2025-08-12T22:37:24.721Z"}
{"label":"graphql-server","level":"info","message":"Creating Neo4j indexes and constraints...","timestamp":"2025-08-12T22:37:24.722Z"}
{"label":"graphql-server","level":"info","message":"Creating Neo4j indexes and constraints...","timestamp":"2025-08-12T22:37:24.718Z"}
{"label":"graphql-server","level":"info","message":"Neo4j indexes and constraints created successfully","timestamp":"2025-08-12T22:37:24.764Z"}
{"label":"graphql-server","level":"info","message":"PostgreSQL connected","timestamp":"2025-08-12T22:37:24.782Z"}
{"label":"graphql-server","level":"info","message":"Queue service connected","timestamp":"2025-08-12T22:37:24.785Z"}
{"label":"graphql-server","level":"info","message":"Creating Neo4j indexes and constraints...","timestamp":"2025-08-12T22:37:24.788Z"}
{"label":"graphql-server","level":"info","message":"Initializing services...","timestamp":"2025-08-12T22:37:24.811Z"}
{"label":"graphql-server","level":"info","message":"Neo4j indexes and constraints created successfully","timestamp":"2025-08-12T22:37:24.856Z"}
{"label":"graphql-server","level":"info","message":"Initializing services...","timestamp":"2025-08-12T22:37:24.802Z"}
{"label":"graphql-server","level":"info","message":"Neo4j connected","timestamp":"2025-08-12T22:37:24.904Z"}
{"label":"graphql-server","level":"info","message":"PostgreSQL connected","timestamp":"2025-08-12T22:37:24.917Z"}
{"label":"graphql-server","level":"info","message":"Queue service connected","timestamp":"2025-08-12T22:37:24.917Z"}
{"label":"graphql-server","level":"info","message":"Initializing services...","timestamp":"2025-08-12T22:37:24.861Z"}
{"label":"graphql-server","level":"info","message":"Creating Neo4j indexes and constraints...","timestamp":"2025-08-12T22:37:24.918Z"}
{"label":"graphql-server","level":"info","message":"Neo4j connected","timestamp":"2025-08-12T22:37:24.931Z"}
{"label":"graphql-server","level":"info","message":"Neo4j connected","timestamp":"2025-08-12T22:37:24.946Z"}
{"label":"graphql-server","level":"info","message":"PostgreSQL connected","timestamp":"2025-08-12T22:37:24.958Z"}
{"label":"graphql-server","level":"info","message":"Queue service connected","timestamp":"2025-08-12T22:37:24.960Z"}
{"label":"graphql-server","level":"info","message":"Neo4j indexes and constraints created successfully","timestamp":"2025-08-12T22:37:24.962Z"}
{"label":"graphql-server","level":"info","message":"Creating Neo4j indexes and constraints...","timestamp":"2025-08-12T22:37:24.961Z"}
{"label":"graphql-server","level":"info","message":"PostgreSQL connected","timestamp":"2025-08-12T22:37:24.969Z"}
{"label":"graphql-server","level":"info","message":"Queue service connected","timestamp":"2025-08-12T22:37:24.970Z"}
{"label":"graphql-server","level":"info","message":"Creating Neo4j indexes and constraints...","timestamp":"2025-08-12T22:37:24.970Z"}
{"label":"graphql-server","level":"info","message":"Neo4j indexes and constraints created successfully","timestamp":"2025-08-12T22:37:25.024Z"}
{"label":"graphql-server","level":"info","message":"Neo4j indexes and constraints created successfully","timestamp":"2025-08-12T22:37:25.031Z"}
{"label":"graphql-server","level":"info","message":"Initializing services...","timestamp":"2025-08-12T22:37:25.086Z"}
{"label":"graphql-server","level":"info","message":"Neo4j indexes and constraints created successfully","timestamp":"2025-08-12T22:37:25.126Z"}
{"label":"graphql-server","level":"info","message":"Initializing services...","timestamp":"2025-08-12T22:37:25.121Z"}
{"label":"graphql-server","level":"info","message":"Neo4j connected","timestamp":"2025-08-12T22:37:25.145Z"}
{"label":"graphql-server","level":"info","message":"Initializing services...","timestamp":"2025-08-12T22:37:25.083Z"}
{"label":"graphql-server","level":"info","message":"Initializing services...","timestamp":"2025-08-12T22:37:25.150Z"}
{"label":"graphql-server","level":"info","message":"PostgreSQL connected","timestamp":"2025-08-12T22:37:25.163Z"}
{"label":"graphql-server","level":"info","message":"Queue service connected","timestamp":"2025-08-12T22:37:25.165Z"}
{"label":"graphql-server","level":"info","message":"Creating Neo4j indexes and constraints...","timestamp":"2025-08-12T22:37:25.165Z"}
{"label":"graphql-server","level":"info","message":"Neo4j connected","timestamp":"2025-08-12T22:37:25.178Z"}
{"label":"graphql-server","level":"info","message":"Neo4j connected","timestamp":"2025-08-12T22:37:25.190Z"}
{"label":"graphql-server","level":"info","message":"PostgreSQL connected","timestamp":"2025-08-12T22:37:25.191Z"}
{"label":"graphql-server","level":"info","message":"Queue service connected","timestamp":"2025-08-12T22:37:25.192Z"}
{"label":"graphql-server","level":"info","message":"Initializing services...","timestamp":"2025-08-12T22:37:25.182Z"}
{"label":"graphql-server","level":"info","message":"Creating Neo4j indexes and constraints...","timestamp":"2025-08-12T22:37:25.192Z"}
{"label":"graphql-server","level":"info","message":"PostgreSQL connected","timestamp":"2025-08-12T22:37:25.207Z"}
{"label":"graphql-server","level":"info","message":"Queue service connected","timestamp":"2025-08-12T22:37:25.211Z"}
{"label":"graphql-server","level":"info","message":"Creating Neo4j indexes and constraints...","timestamp":"2025-08-12T22:37:25.211Z"}
{"label":"graphql-server","level":"info","message":"Neo4j indexes and constraints created successfully","timestamp":"2025-08-12T22:37:25.218Z"}
{"label":"graphql-server","level":"info","message":"Neo4j connected","timestamp":"2025-08-12T22:37:25.223Z"}
{"label":"graphql-server","level":"info","message":"Neo4j connected","timestamp":"2025-08-12T22:37:25.224Z"}
{"label":"graphql-server","level":"info","message":"PostgreSQL connected","timestamp":"2025-08-12T22:37:25.239Z"}
{"label":"graphql-server","level":"info","message":"Queue service connected","timestamp":"2025-08-12T22:37:25.242Z"}
{"label":"graphql-server","level":"info","message":"PostgreSQL connected","timestamp":"2025-08-12T22:37:25.242Z"}
{"label":"graphql-server","level":"info","message":"Neo4j indexes and constraints created successfully","timestamp":"2025-08-12T22:37:25.242Z"}
{"label":"graphql-server","level":"info","message":"Queue service connected","timestamp":"2025-08-12T22:37:25.243Z"}
{"label":"graphql-server","level":"info","message":"Creating Neo4j indexes and constraints...","timestamp":"2025-08-12T22:37:25.242Z"}
{"label":"graphql-server","level":"info","message":"Creating Neo4j indexes and constraints...","timestamp":"2025-08-12T22:37:25.243Z"}
{"label":"graphql-server","level":"info","message":"Initializing services...","timestamp":"2025-08-12T22:37:25.191Z"}
{"label":"graphql-server","level":"info","message":"Neo4j connected","timestamp":"2025-08-12T22:37:25.282Z"}
{"label":"graphql-server","level":"info","message":"PostgreSQL connected","timestamp":"2025-08-12T22:37:25.299Z"}
{"label":"graphql-server","level":"info","message":"Queue service connected","timestamp":"2025-08-12T22:37:25.300Z"}
{"label":"graphql-server","level":"info","message":"Neo4j indexes and constraints created successfully","timestamp":"2025-08-12T22:37:25.303Z"}
{"label":"graphql-server","level":"info","message":"Neo4j indexes and constraints created successfully","timestamp":"2025-08-12T22:37:25.304Z"}
{"label":"graphql-server","level":"info","message":"Creating Neo4j indexes and constraints...","timestamp":"2025-08-12T22:37:25.300Z"}
{"label":"graphql-server","level":"info","message":"Neo4j indexes and constraints created successfully","timestamp":"2025-08-12T22:37:25.319Z"}
{"label":"graphql-server","level":"info","message":"Neo4j indexes and constraints created successfully","timestamp":"2025-08-12T22:37:25.341Z"}
